./ariac_debug_vc10_i386.bsc
C:\Program Files\MobileRobots\Aria\matlab\./ariac_debug_vc10_i386.dll
C:\PROGRAM FILES\MOBILEROBOTS\ARIA\MATLAB\ARIAC_DEBUG_VC10_I386.BSC
C:\PROGRAM FILES\MOBILEROBOTS\ARIA\MATLAB\ARIAC_DEBUG_VC10_I386.DLL
C:\Program Files\MobileRobots\Aria\matlab\ariac_debug_vc10_i386.exp
C:\Program Files\MobileRobots\Aria\matlab\ariac_debug_vc10_i386.lib
C:\PROGRAM FILES\MOBILEROBOTS\ARIA\MATLAB\ARIAC_DEBUG_VC10_I386-VC10.PDB
C:\PROGRAM FILES\MOBILEROBOTS\ARIA\MATLAB\OBJ\ARIAC-DLL-DEBUG-VC10\ARIAC.OBJ
C:\PROGRAM FILES\MOBILEROBOTS\ARIA\MATLAB\OBJ\ARIAC-DLL-DEBUG-VC10\ARIAC.SBR
C:\PROGRAM FILES\MOBILEROBOTS\ARIA\MATLAB\OBJ\ARIAC-DLL-DEBUG-VC10\ARIAC_DEBUG_VC10_I386.DLL.INTERMEDIATE.MANIFEST
C:\PROGRAM FILES\MOBILEROBOTS\ARIA\MATLAB\OBJ\ARIAC-DLL-DEBUG-VC10\ARIAC_DEBUG_VC10_I386-VC10.PDB
C:\Program Files\MobileRobots\Aria\matlab\obj\ariac-dll-Debug-VC10\ariac-dll.write.1.tlog
C:\Program Files\MobileRobots\Aria\matlab\obj\ariac-dll-Debug-VC10\BscMake.command.1.tlog
C:\Program Files\MobileRobots\Aria\matlab\obj\ariac-dll-Debug-VC10\bscmake.read.1.tlog
C:\Program Files\MobileRobots\Aria\matlab\obj\ariac-dll-Debug-VC10\bscmake.write.1.tlog
C:\Program Files\MobileRobots\Aria\matlab\obj\ariac-dll-Debug-VC10\cl.command.1.tlog
C:\Program Files\MobileRobots\Aria\matlab\obj\ariac-dll-Debug-VC10\CL.read.1.tlog
C:\Program Files\MobileRobots\Aria\matlab\obj\ariac-dll-Debug-VC10\CL.write.1.tlog
C:\Program Files\MobileRobots\Aria\matlab\obj\ariac-dll-Debug-VC10\link.command.1.tlog
C:\Program Files\MobileRobots\Aria\matlab\obj\ariac-dll-Debug-VC10\link.read.1.tlog
C:\Program Files\MobileRobots\Aria\matlab\obj\ariac-dll-Debug-VC10\link.write.1.tlog
C:\Program Files\MobileRobots\Aria\matlab\obj\ariac-dll-Debug-VC10\mt.command.1.tlog
C:\Program Files\MobileRobots\Aria\matlab\obj\ariac-dll-Debug-VC10\mt.read.1.tlog
C:\Program Files\MobileRobots\Aria\matlab\obj\ariac-dll-Debug-VC10\mt.write.1.tlog
